e:\github\pokemondp_dx11proj_dd\maptool_dx11\export\sample_maptool\obj\vc142.pdb
e:\github\pokemondp_dx11proj_dd\maptool_dx11\export\sample_maptool\obj\sample.obj
e:\github\pokemondp_dx11proj_dd\maptool_dx11\export\sample_maptool\obj\kscene_maptool.obj
e:\github\pokemondp_dx11proj_dd\maptool_dx11\export\sample_maptool\obj\kscenemanager.obj
e:\github\pokemondp_dx11proj_dd\maptool_dx11\export\sample_maptool\obj\kmousepicker.obj
e:\github\pokemondp_dx11proj_dd\maptool_dx11\export\sample_maptool\obj\kminimap.obj
e:\github\pokemondp_dx11proj_dd\maptool_dx11\export\sample_maptool\obj\klight.obj
e:\github\pokemondp_dx11proj_dd\maptool_dx11\export\sample_maptool\obj\kfbxvertexloader.obj
e:\github\pokemondp_dx11proj_dd\maptool_dx11\export\sample_maptool\obj\kfbxobj.obj
e:\github\pokemondp_dx11proj_dd\maptool_dx11\export\sample_maptool\obj\kfbxmanager.obj
e:\github\pokemondp_dx11proj_dd\maptool_dx11\export\sample_maptool\obj\kfbxloader.obj
e:\github\pokemondp_dx11proj_dd\maptool_dx11\export\sample_maptool\obj\kfbxasset.obj
e:\github\pokemondp_dx11proj_dd\maptool_dx11\export\sample_maptool\obj\kquadtree.obj
e:\github\pokemondp_dx11proj_dd\maptool_dx11\export\sample_maptool\obj\knode.obj
e:\github\pokemondp_dx11proj_dd\maptool_dx11\export\sample_maptool\obj\kmaputil.obj
e:\github\pokemondp_dx11proj_dd\maptool_dx11\export\sample_maptool\obj\kmapsprite.obj
e:\github\pokemondp_dx11proj_dd\maptool_dx11\export\sample_maptool\obj\kmapspace.obj
e:\github\pokemondp_dx11proj_dd\maptool_dx11\export\sample_maptool\obj\kmap.obj
e:\github\pokemondp_dx11proj_dd\maptool_dx11\export\sample_maptool\obj\sample_maptool.ilk
e:\github\pokemondp_dx11proj_dd\maptool_dx11\export\sample_maptool\sample_maptool.exe
e:\github\pokemondp_dx11proj_dd\maptool_dx11\export\sample_maptool\sample_maptool.pdb
e:\github\pokemondp_dx11proj_dd\maptool_dx11\export\sample_maptool\obj\sample_input.res
e:\github\pokemondp_dx11proj_dd\maptool_dx11\export\sample_maptool\obj\sample_maptool.tlog\cl.command.1.tlog
e:\github\pokemondp_dx11proj_dd\maptool_dx11\export\sample_maptool\obj\sample_maptool.tlog\cl.read.1.tlog
e:\github\pokemondp_dx11proj_dd\maptool_dx11\export\sample_maptool\obj\sample_maptool.tlog\cl.write.1.tlog
e:\github\pokemondp_dx11proj_dd\maptool_dx11\export\sample_maptool\obj\sample_maptool.tlog\link.command.1.tlog
e:\github\pokemondp_dx11proj_dd\maptool_dx11\export\sample_maptool\obj\sample_maptool.tlog\link.read.1.tlog
e:\github\pokemondp_dx11proj_dd\maptool_dx11\export\sample_maptool\obj\sample_maptool.tlog\link.write.1.tlog
e:\github\pokemondp_dx11proj_dd\maptool_dx11\export\sample_maptool\obj\sample_maptool.tlog\rc.command.1.tlog
e:\github\pokemondp_dx11proj_dd\maptool_dx11\export\sample_maptool\obj\sample_maptool.tlog\rc.read.1.tlog
e:\github\pokemondp_dx11proj_dd\maptool_dx11\export\sample_maptool\obj\sample_maptool.tlog\rc.write.1.tlog
