  KMapSpace.cpp
C:\Users\kgca4021\OneDrive - nsu.ac.kr\KGCA 자료\제출처\최지원Maptool\MapTool_DX11\Source\KD3DLib\KNode.h(165,26): warning C4244: '인수': 'float'에서 '_Ty'(으)로 변환하면서 데이터가 손실될 수 있습니다.
          with
          [
              _Ty=DWORD
          ]
C:\Users\kgca4021\OneDrive - nsu.ac.kr\KGCA 자료\제출처\최지원Maptool\MapTool_DX11\Source\KD3DLib\KNode.h(166,26): warning C4244: '인수': 'float'에서 '_Ty'(으)로 변환하면서 데이터가 손실될 수 있습니다.
          with
          [
              _Ty=DWORD
          ]
C:\Users\kgca4021\OneDrive - nsu.ac.kr\KGCA 자료\제출처\최지원Maptool\MapTool_DX11\Source\KD3DLib\KNode.h(167,26): warning C4244: '인수': 'float'에서 '_Ty'(으)로 변환하면서 데이터가 손실될 수 있습니다.
          with
          [
              _Ty=DWORD
          ]
C:\Users\kgca4021\OneDrive - nsu.ac.kr\KGCA 자료\제출처\최지원Maptool\MapTool_DX11\Source\KD3DLib\KNode.h(168,26): warning C4244: '인수': 'float'에서 '_Ty'(으)로 변환하면서 데이터가 손실될 수 있습니다.
          with
          [
              _Ty=DWORD
          ]
C:\Users\kgca4021\OneDrive - nsu.ac.kr\KGCA 자료\제출처\최지원Maptool\MapTool_DX11\Source\KD3DLib\KMapSpace.cpp(34,21): warning C4477: 'swscanf_s' : 서식 문자열 '%s'에 'unsigned int' 형식의 인수가 필요하지만 variadic 인수 2의 형식이 'unsigned __int64'입니다.
C:\Users\kgca4021\OneDrive - nsu.ac.kr\KGCA 자료\제출처\최지원Maptool\MapTool_DX11\Source\KD3DLib\KMapSpace.cpp(34,21): message : 이 인수는 버퍼 크기로 사용됩니다.
C:\Users\kgca4021\OneDrive - nsu.ac.kr\KGCA 자료\제출처\최지원Maptool\MapTool_DX11\Source\KD3DLib\KMapSpace.cpp(38,21): warning C4477: 'swscanf_s' : 서식 문자열 '%s'에 'unsigned int' 형식의 인수가 필요하지만 variadic 인수 2의 형식이 'unsigned __int64'입니다.
C:\Users\kgca4021\OneDrive - nsu.ac.kr\KGCA 자료\제출처\최지원Maptool\MapTool_DX11\Source\KD3DLib\KMapSpace.cpp(38,21): message : 이 인수는 버퍼 크기로 사용됩니다.
C:\Users\kgca4021\OneDrive - nsu.ac.kr\KGCA 자료\제출처\최지원Maptool\MapTool_DX11\Source\KD3DLib\KMapSpace.cpp(50,23): warning C4477: 'swscanf_s' : 서식 문자열 '%s'에 'unsigned int' 형식의 인수가 필요하지만 variadic 인수 3의 형식이 'unsigned __int64'입니다.
C:\Users\kgca4021\OneDrive - nsu.ac.kr\KGCA 자료\제출처\최지원Maptool\MapTool_DX11\Source\KD3DLib\KMapSpace.cpp(50,23): message : 이 인수는 버퍼 크기로 사용됩니다.
C:\Users\kgca4021\OneDrive - nsu.ac.kr\KGCA 자료\제출처\최지원Maptool\MapTool_DX11\Source\KD3DLib\KMapSpace.cpp(91,87): warning C4244: '인수': 'UINT'에서 'float'(으)로 변환하면서 데이터가 손실될 수 있습니다.
C:\Users\kgca4021\OneDrive - nsu.ac.kr\KGCA 자료\제출처\최지원Maptool\MapTool_DX11\Source\KD3DLib\KMapSpace.cpp(91,28): warning C4244: '인수': 'UINT'에서 'float'(으)로 변환하면서 데이터가 손실될 수 있습니다.
C:\Users\kgca4021\OneDrive - nsu.ac.kr\KGCA 자료\제출처\최지원Maptool\MapTool_DX11\Source\KD3DLib\KMapSpace.cpp(90,58): warning C4244: '인수': 'UINT'에서 'float'(으)로 변환하면서 데이터가 손실될 수 있습니다.
C:\Users\kgca4021\OneDrive - nsu.ac.kr\KGCA 자료\제출처\최지원Maptool\MapTool_DX11\Source\KD3DLib\KMapSpace.cpp(174,65): warning C4267: '=': 'size_t'에서 'UINT'(으)로 변환하면서 데이터가 손실될 수 있습니다.
C:\Users\kgca4021\OneDrive - nsu.ac.kr\KGCA 자료\제출처\최지원Maptool\MapTool_DX11\Source\KD3DLib\KMapSpace.cpp(192,62): warning C4267: '=': 'size_t'에서 'UINT'(으)로 변환하면서 데이터가 손실될 수 있습니다.
C:\Users\kgca4021\OneDrive - nsu.ac.kr\KGCA 자료\제출처\최지원Maptool\MapTool_DX11\Source\KD3DLib\KMapSpace.cpp(208,49): warning C4267: '=': 'size_t'에서 'UINT'(으)로 변환하면서 데이터가 손실될 수 있습니다.
  KD3DLib.vcxproj -> C:\Users\kgca4021\OneDrive - nsu.ac.kr\KGCA 자료\제출처\최지원Maptool\MapTool_DX11\Export\KD3DLib\KD3DLib.lib
          1개 파일이 복사되었습니다.
  ImGuiManager.h
  K2DAsset.h
  K3DAsset.h
  KBoxObj.h
  KCamera.h
  KCollider.h
  KCollision.h
  KCore.h
  KDebugBoxRenderer.h
  KDepthStencil.h
  KDevice.h
  KFrustum.h
  KInput.h
  KManager.h
  KMap.h
  KMapSpace.h
  KMapSprite.h
  KMath.h
  KNode.h
  KObject.h
  KObjectManager.h
  KObjObject.h
  KPivot.h
  KPlaneObj.h
  KQuadTree.h
  KRenderTarget.h
  KScene.h
  KShaderManager.h
  KSkyBox.h
  KSound.h
  KSoundManager.h
  KSpriteManager.h
  KState.h
  KStd.h
  KTextureManager.h
  KTimer.h
  KUI.h
  KUIModelManager.h
  KWindow.h
  KWrite.h
  resource.h
         41개 파일이 복사되었습니다.
  ImGui\\imconfig.h
  ImGui\\imgui.h
  ImGui\\imgui_impl_dx11.h
  ImGui\\imgui_impl_win32.h
  ImGui\\imgui_internal.h
  ImGui\\imstb_rectpack.h
  ImGui\\imstb_textedit.h
  ImGui\\imstb_truetype.h
          8개 파일이 복사되었습니다.
