e:\github\pokemondp_dx11proj_dd\maptool_dx11\export\kd3dlib\kd3dlib.pdb
e:\github\pokemondp_dx11proj_dd\maptool_dx11\export\kd3dlib\kd3dlib.idb
e:\github\pokemondp_dx11proj_dd\maptool_dx11\export\kd3dlib\obj\kinput.obj
e:\github\pokemondp_dx11proj_dd\maptool_dx11\export\kd3dlib\obj\kdevice.obj
e:\github\pokemondp_dx11proj_dd\maptool_dx11\export\kd3dlib\obj\kdepthstencil.obj
e:\github\pokemondp_dx11proj_dd\maptool_dx11\export\kd3dlib\obj\kcollision.obj
e:\github\pokemondp_dx11proj_dd\maptool_dx11\export\kd3dlib\obj\imgui_widgets.obj
e:\github\pokemondp_dx11proj_dd\maptool_dx11\export\kd3dlib\obj\imgui_impl_win32.obj
e:\github\pokemondp_dx11proj_dd\maptool_dx11\export\kd3dlib\obj\imgui_impl_dx11.obj
e:\github\pokemondp_dx11proj_dd\maptool_dx11\export\kd3dlib\obj\imgui_draw.obj
e:\github\pokemondp_dx11proj_dd\maptool_dx11\export\kd3dlib\obj\imgui_demo.obj
e:\github\pokemondp_dx11proj_dd\maptool_dx11\export\kd3dlib\obj\imgui.obj
e:\github\pokemondp_dx11proj_dd\maptool_dx11\export\kd3dlib\obj\imguimanager.obj
e:\github\pokemondp_dx11proj_dd\maptool_dx11\export\kd3dlib\obj\ktimer.obj
e:\github\pokemondp_dx11proj_dd\maptool_dx11\export\kd3dlib\obj\kstate.obj
e:\github\pokemondp_dx11proj_dd\maptool_dx11\export\kd3dlib\obj\ksoundmanager.obj
e:\github\pokemondp_dx11proj_dd\maptool_dx11\export\kd3dlib\obj\ksound.obj
e:\github\pokemondp_dx11proj_dd\maptool_dx11\export\kd3dlib\obj\krendertarget.obj
e:\github\pokemondp_dx11proj_dd\maptool_dx11\export\kd3dlib\obj\kmath.obj
e:\github\pokemondp_dx11proj_dd\maptool_dx11\export\kd3dlib\obj\kwrite.obj
e:\github\pokemondp_dx11proj_dd\maptool_dx11\export\kd3dlib\obj\kwindow.obj
e:\github\pokemondp_dx11proj_dd\maptool_dx11\export\kd3dlib\obj\kd3dlib.tlog\cl.command.1.tlog
e:\github\pokemondp_dx11proj_dd\maptool_dx11\export\kd3dlib\obj\kd3dlib.tlog\cl.read.1.tlog
e:\github\pokemondp_dx11proj_dd\maptool_dx11\export\kd3dlib\obj\kd3dlib.tlog\cl.write.1.tlog
